1545408858210	mozrunner::runner	INFO	Running command: "/Applications/Firefox.app/Contents/MacOS/firefox-bin" "-marionette" "-foreground" "-no-remote" "-profile" "/var/folders/h4/ycv6w0dn0r54xclntzyrk4fr0lslcv/T/rust_mozprofile.csOmtxV9IqGX"
1545408863515	Marionette	INFO	Listening on port 51924
1545408863612	Marionette	WARN	TLS certificate errors will be ignored for this session
1545408865344	Marionette	INFO	Stopped listening on port 51924
JavaScript error: resource://activity-stream/lib/TopSitesFeed.jsm, line 86: TypeError: setting getter-only property "_currentSearchHostname"
JavaScript error: resource://gre/modules/Sqlite.jsm, line 841: Error: Connection is not open.
JavaScript error: , line 0: AbortError: A request was aborted, for example through a call to IDBTransaction.abort.
1545408867048	mozrunner::runner	INFO	Running command: "/Applications/Firefox.app/Contents/MacOS/firefox-bin" "-marionette" "-foreground" "-no-remote" "-profile" "/var/folders/h4/ycv6w0dn0r54xclntzyrk4fr0lslcv/T/rust_mozprofile.cDHSrVirZGpk"
1545408869490	Marionette	INFO	Listening on port 52016
1545408869527	Marionette	WARN	TLS certificate errors will be ignored for this session
JavaScript error: chrome://browser/content/urlbarBindings.xml, line 2709: NS_ERROR_FAILURE: Component returned failure code: 0x80004005 (NS_ERROR_FAILURE) [nsIAutoCompleteController.getStyleAt]
1545408878761	Marionette	INFO	Stopped listening on port 52016
1545408880397	mozrunner::runner	INFO	Running command: "/Applications/Firefox.app/Contents/MacOS/firefox-bin" "-marionette" "-foreground" "-no-remote" "-profile" "/var/folders/h4/ycv6w0dn0r54xclntzyrk4fr0lslcv/T/rust_mozprofile.csPcyPaMbQpk"
1545408882893	Marionette	INFO	Listening on port 52114
1545408882956	Marionette	WARN	TLS certificate errors will be ignored for this session
1545408887768	Marionette	INFO	Stopped listening on port 52114
1545408889542	mozrunner::runner	INFO	Running command: "/Applications/Firefox.app/Contents/MacOS/firefox-bin" "-marionette" "-foreground" "-no-remote" "-profile" "/var/folders/h4/ycv6w0dn0r54xclntzyrk4fr0lslcv/T/rust_mozprofile.BYWHE40pdb4m"
1545408891882	Marionette	INFO	Listening on port 52196
1545408891903	Marionette	WARN	TLS certificate errors will be ignored for this session
1545408897571	Marionette	INFO	Stopped listening on port 52196
1545408899270	mozrunner::runner	INFO	Running command: "/Applications/Firefox.app/Contents/MacOS/firefox-bin" "-marionette" "-foreground" "-no-remote" "-profile" "/var/folders/h4/ycv6w0dn0r54xclntzyrk4fr0lslcv/T/rust_mozprofile.j8D7qAS8a5mv"
1545408901757	Marionette	INFO	Listening on port 52274
1545408901871	Marionette	WARN	TLS certificate errors will be ignored for this session
1545408905135	Marionette	INFO	Stopped listening on port 52274
1545408915943	mozrunner::runner	INFO	Running command: "/Applications/Firefox.app/Contents/MacOS/firefox-bin" "-marionette" "-foreground" "-no-remote" "-profile" "/var/folders/h4/ycv6w0dn0r54xclntzyrk4fr0lslcv/T/rust_mozprofile.cuFExKxC47Cj"
1545408918210	Marionette	INFO	Listening on port 52351
1545408918312	Marionette	WARN	TLS certificate errors will be ignored for this session
1545408921804	Marionette	INFO	Stopped listening on port 52351
1545408923429	mozrunner::runner	INFO	Running command: "/Applications/Firefox.app/Contents/MacOS/firefox-bin" "-marionette" "-foreground" "-no-remote" "-profile" "/var/folders/h4/ycv6w0dn0r54xclntzyrk4fr0lslcv/T/rust_mozprofile.mM8jRPw84SLv"
1545408925654	Marionette	INFO	Listening on port 52429
1545408925673	Marionette	WARN	TLS certificate errors will be ignored for this session
1545408928952	Marionette	INFO	Stopped listening on port 52429
1545408930537	mozrunner::runner	INFO	Running command: "/Applications/Firefox.app/Contents/MacOS/firefox-bin" "-marionette" "-foreground" "-no-remote" "-profile" "/var/folders/h4/ycv6w0dn0r54xclntzyrk4fr0lslcv/T/rust_mozprofile.r0rGTBN5Sxlg"
1545408932979	Marionette	INFO	Listening on port 52504
1545408932998	Marionette	WARN	TLS certificate errors will be ignored for this session
1545408934932	Marionette	INFO	Stopped listening on port 52504
JavaScript error: resource://activity-stream/lib/TopSitesFeed.jsm, line 86: TypeError: setting getter-only property "_currentSearchHostname"
JavaScript error: resource://gre/modules/Sqlite.jsm, line 841: Error: Connection is not open.
